<?xml version="1.0" encoding="UTF-8"?>
<!-- Generated by org.testng.reporters.JUnitReportReporter -->
<testsuite hostname="NAMITA" failures="0" tests="3" name="cucumberOption.LumaRunner" time="52.936" errors="0" timestamp="2024-12-23T11:30:03 IST" skipped="0">
  <testcase classname="cucumberOption.LumaRunner" name="runScenario" time="24.627"/>
  <system-out/>
  <testcase classname="cucumberOption.LumaRunner" name="runScenario" time="13.503"/>
  <system-out/>
  <testcase classname="cucumberOption.LumaRunner" name="runScenario" time="14.806"/>
  <system-out/>
</testsuite> <!-- cucumberOption.LumaRunner -->
